<?xml version="1.0" encoding="UTF-8"?>
<testng-results ignored="0" total="1" passed="1" failed="0" skipped="0">
  <reporter-output>
    <line>
      <![CDATA[CreateModule]]>
    </line>
  </reporter-output>
  <suite started-at="2024-01-02T12:59:53 IST" name="Default suite" finished-at="2024-01-02T12:59:53 IST" duration-ms="36">
    <groups>
    </groups>
    <test started-at="2024-01-02T12:59:53 IST" name="Default test" finished-at="2024-01-02T12:59:53 IST" duration-ms="36">
      <class name="com.actitime.testscript.CreateModule">
        <test-method signature="CustomerModulr()[pri:0, instance:com.actitime.testscript.CreateModule@7ec7ffd3]" started-at="2024-01-02T12:59:53 IST" name="CustomerModulr" finished-at="2024-01-02T12:59:53 IST" duration-ms="8" status="PASS">
          <reporter-output>
            <line>
              <![CDATA[CreateModule]]>
            </line>
          </reporter-output>
        </test-method> <!-- CustomerModulr -->
      </class> <!-- com.actitime.testscript.CreateModule -->
    </test> <!-- Default test -->
  </suite> <!-- Default suite -->
</testng-results>
